<?xml version="1.0" encoding="UTF-8"?>
<!-- Generated by org.testng.reporters.JUnitReportReporter -->
<testsuite hostname="LAPTOP-O531O370" failures="0" tests="4" name="TestNGTesting.TestScripts" time="0.018" errors="0" timestamp="2022-02-27T11:32:12 IST" skipped="0">
  <testcase classname="TestNGTesting.TestScripts" name="sum" time="0.001"/>
  <system-out/>
  <testcase classname="TestNGTesting.TestScripts" name="div" time="0.015"/>
  <system-out/>
  <testcase classname="TestNGTesting.TestScripts" name="sub" time="0.001"/>
  <system-out/>
  <testcase classname="TestNGTesting.TestScripts" name="multi" time="0.001"/>
  <system-out/>
</testsuite> <!-- TestNGTesting.TestScripts -->
